-2.987345747344081219966256257067483301325910439970612423792923,-0.724744871391589049098642037352945695982973740328335064216346
-2.987345747344081219966256257067483301325910439970612423792923,1.724744871391589049098642037352945695982973740328335064216346
-2.920481294658769210218061137879483104681017722644610354807963,-1.686140661634507164962652867054732329555066114495698091924969
-2.920481294658769210218061137879483104681017722644610354807963,2.686140661634507164962652867054732329555066114495698091924969
-2.598076211353315940291169512258808550414207880715570942083710,-2.500000000000000000000000000000000000000000000000000000000000
-2.598076211353315940291169512258808550414207880715570942083710,0.500000000000000000000000000000000000000000000000000000000000
-2.598076211353315940291169512258808550414207880715570942083710,3.500000000000000000000000000000000000000000000000000000000000
-2.366025403784438646763723170752936183471402626905190314027903,-0.366025403784438646763723170752936183471402626905190314027903
-2.366025403784438646763723170752936183471402626905190314027903,1.366025403784438646763723170752936183471402626905190314027903
-2.054455890874330563454337967126546921209615095739420040780060,-0.186140661634507164962652867054732329555066114495698091924969
-2.054455890874330563454337967126546921209615095739420040780060,1.186140661634507164962652867054732329555066114495698091924969
-1.994262201491818874843584865611416707003941307950509234127195,-1.151387818865997323279805316867623986562824143461311553177613
-1.994262201491818874843584865611416707003941307950509234127195,-0.151387818865997323279805316867623986562824143461311553177613
-1.994262201491818874843584865611416707003941307950509234127195,1.151387818865997323279805316867623986562824143461311553177613
-1.994262201491818874843584865611416707003941307950509234127195,2.151387818865997323279805316867623986562824143461311553177613
-1.991563831562720813310837504711655534217273626647074949195282,-0.816496580927726032732428024901963797321982493552223376144231
-1.991563831562720813310837504711655534217273626647074949195282,1.816496580927726032732428024901963797321982493552223376144231
-1.984313483298442942876211815229445319282694387311837635276251,-0.250000000000000000000000000000000000000000000000000000000000
-1.984313483298442942876211815229445319282694387311837635276251,1.250000000000000000000000000000000000000000000000000000000000
-1.960475933442805617770988694539219381634668736128398016133939,-1.395643923738960001647011798432002122246114144191992975651811
-1.960475933442805617770988694539219381634668736128398016133939,2.395643923738960001647011798432002122246114144191992975651811
-1.936491673103708442589632699891199805416460852645795413293787,-0.500000000000000000000000000000000000000000000000000000000000
-1.936491673103708442589632699891199805416460852645795413293787,0.500000000000000000000000000000000000000000000000000000000000
-1.936491673103708442589632699891199805416460852645795413293787,1.500000000000000000000000000000000000000000000000000000000000
-1.885618083164126731735584965612930771426229167169264097568906,-0.333333333333333333333333333333333333333333333333333333333333
-1.885618083164126731735584965612930771426229167169264097568906,1.333333333333333333333333333333333333333333333333333333333333
-1.866025403784438646763723170752936183471402626905190314027903,0.500000000000000000000000000000000000000000000000000000000000
-1.732050807568877293527446341505872366942805253810380628055807,-1.000000000000000000000000000000000000000000000000000000000000
-1.732050807568877293527446341505872366942805253810380628055807,0.000000000000000000000000000000000000000000000000000000000000
-1.732050807568877293527446341505872366942805253810380628055807,1.000000000000000000000000000000000000000000000000000000000000
-1.732050807568877293527446341505872366942805253810380628055807,2.000000000000000000000000000000000000000000000000000000000000
-1.658312395177699924557466368335343341963544272794676798529341,-0.500000000000000000000000000000000000000000000000000000000000
-1.658312395177699924557466368335343341963544272794676798529341,1.500000000000000000000000000000000000000000000000000000000000
-1.561249499599599551461723280234948615268239994497914077113243,-0.250000000000000000000000000000000000000000000000000000000000
-1.561249499599599551461723280234948615268239994497914077113243,1.250000000000000000000000000000000000000000000000000000000000
-1.550844034075882167915169159795118490541274325484996994287923,-0.228713553878169054987550955684910776518355371498566030641656
-1.550844034075882167915169159795118490541274325484996994287923,1.228713553878169054987550955684910776518355371498566030641656
-1.500000000000000000000000000000000000000000000000000000000000,-3.598076211353315940291169512258808550414207880715570942083710
-1.500000000000000000000000000000000000000000000000000000000000,-0.598076211353315940291169512258808550414207880715570942083710
-1.500000000000000000000000000000000000000000000000000000000000,1.598076211353315940291169512258808550414207880715570942083710
-1.500000000000000000000000000000000000000000000000000000000000,4.598076211353315940291169512258808550414207880715570942083710
-1.401258538444073544676677935322067994443931739775492863660845,-0.427050983124842272306880251548457176580463769708644293203173
-1.401258538444073544676677935322067994443931739775492863660845,1.427050983124842272306880251548457176580463769708644293203173
-1.366025403784438646763723170752936183471402626905190314027903,-0.366025403784438646763723170752936183471402626905190314027903
-1.366025403784438646763723170752936183471402626905190314027903,1.366025403784438646763723170752936183471402626905190314027903
-1.322875655532295295250807876819630212855129591541225090184167,0.500000000000000000000000000000000000000000000000000000000000
-1.255294939775203926438809915561610934383105186160231795737116,-0.724744871391589049098642037352945695982973740328335064216346
-1.255294939775203926438809915561610934383105186160231795737116,1.724744871391589049098642037352945695982973740328335064216346
-1.128236797707380228079861694858480523532538681045318920099291,-0.651387818865997323279805316867623986562824143461311553177613
-1.128236797707380228079861694858480523532538681045318920099291,0.348612181134002676720194683132376013437175856538688446822387
-1.128236797707380228079861694858480523532538681045318920099291,0.651387818865997323279805316867623986562824143461311553177613
-1.128236797707380228079861694858480523532538681045318920099291,1.651387818865997323279805316867623986562824143461311553177613
-1.105541596785133283038310912223562227975696181863117865686227,0.333333333333333333333333333333333333333333333333333333333333
-1.105541596785133283038310912223562227975696181863117865686227,0.666666666666666666666666666666666666666666666666666666666667
-1.000000000000000000000000000000000000000000000000000000000000,-2.732050807568877293527446341505872366942805253810380628055807
-1.000000000000000000000000000000000000000000000000000000000000,0.267949192431122706472553658494127633057194746189619371944193
-1.000000000000000000000000000000000000000000000000000000000000,0.732050807568877293527446341505872366942805253810380628055807
-1.000000000000000000000000000000000000000000000000000000000000,3.732050807568877293527446341505872366942805253810380628055807
-0.986013297183269340427888048593602841402583538465723387146620,-0.833333333333333333333333333333333333333333333333333333333333
-0.986013297183269340427888048593602841402583538465723387146620,1.833333333333333333333333333333333333333333333333333333333333
-0.973493764886256403406020379293161034893672574214870118269321,-1.228713553878169054987550955684910776518355371498566030641656
-0.973493764886256403406020379293161034893672574214870118269321,2.228713553878169054987550955684910776518355371498566030641656
-0.968245836551854221294816349945599902708230426322897706646893,-0.750000000000000000000000000000000000000000000000000000000000
-0.968245836551854221294816349945599902708230426322897706646893,0.250000000000000000000000000000000000000000000000000000000000
-0.968245836551854221294816349945599902708230426322897706646893,0.750000000000000000000000000000000000000000000000000000000000
-0.968245836551854221294816349945599902708230426322897706646893,1.750000000000000000000000000000000000000000000000000000000000
-0.866025403784438646763723170752936183471402626905190314027903,-2.500000000000000000000000000000000000000000000000000000000000
-0.866025403784438646763723170752936183471402626905190314027903,-0.500000000000000000000000000000000000000000000000000000000000
-0.866025403784438646763723170752936183471402626905190314027903,0.500000000000000000000000000000000000000000000000000000000000
-0.866025403784438646763723170752936183471402626905190314027903,1.500000000000000000000000000000000000000000000000000000000000
-0.866025403784438646763723170752936183471402626905190314027903,3.500000000000000000000000000000000000000000000000000000000000
-0.836863293183469284292539943707740622922070124106821197158077,0.183503419072273967267571975098036202678017506447776623855769
-0.836863293183469284292539943707740622922070124106821197158077,0.816496580927726032732428024901963797321982493552223376144231
-0.684818630291443521151445989042182307069871698579806680260020,-0.271286446121830945012449044315089223481644628501433969358344
-0.684818630291443521151445989042182307069871698579806680260020,1.271286446121830945012449044315089223481644628501433969358344
-0.637600277910510322520180817719589168779539144587172925949772,0.104356076261039998352988201567997877753885855808007024348189
-0.637600277910510322520180817719589168779539144587172925949772,0.895643923738960001647011798432002122246114144191992975651811
-0.633974596215561353236276829247063816528597373094809685972097,-0.366025403784438646763723170752936183471402626905190314027903
-0.633974596215561353236276829247063816528597373094809685972097,1.366025403784438646763723170752936183471402626905190314027903
-0.577350269189625764509148780501957455647601751270126876018602,-0.457427107756338109975101911369821553036710742997132061283313
-0.577350269189625764509148780501957455647601751270126876018602,1.457427107756338109975101911369821553036710742997132061283313
-0.535233134659634897912954764569131810972529112870302549632942,-1.927050983124842272306880251548457176580463769708644293203173
-0.535233134659634897912954764569131810972529112870302549632942,2.927050983124842272306880251548457176580463769708644293203173
-0.500000000000000000000000000000000000000000000000000000000000,-1.866025403784438646763723170752936183471402626905190314027903
-0.500000000000000000000000000000000000000000000000000000000000,-0.133974596215561353236276829247063816528597373094809685972097
-0.500000000000000000000000000000000000000000000000000000000000,1.133974596215561353236276829247063816528597373094809685972097
-0.500000000000000000000000000000000000000000000000000000000000,2.866025403784438646763723170752936183471402626905190314027903
-0.433012701892219323381861585376468091735701313452595157013952,-0.250000000000000000000000000000000000000000000000000000000000
-0.433012701892219323381861585376468091735701313452595157013952,1.250000000000000000000000000000000000000000000000000000000000
-0.366025403784438646763723170752936183471402626905190314027903,-0.366025403784438646763723170752936183471402626905190314027903
-0.366025403784438646763723170752936183471402626905190314027903,1.366025403784438646763723170752936183471402626905190314027903
-0.133974596215561353236276829247063816528597373094809685972097,0.500000000000000000000000000000000000000000000000000000000000
-0.107468361101817756642297208540224851422269947309679804241418,0.271286446121830945012449044315089223481644628501433969358344
-0.107468361101817756642297208540224851422269947309679804241418,0.728713553878169054987550955684910776518355371498566030641656
0.000000000000000000000000000000000000000000000000000000000000,-4.000000000000000000000000000000000000000000000000000000000000
0.000000000000000000000000000000000000000000000000000000000000,-3.000000000000000000000000000000000000000000000000000000000000
0.000000000000000000000000000000000000000000000000000000000000,-2.732050807568877293527446341505872366942805253810380628055807
0.000000000000000000000000000000000000000000000000000000000000,-2.000000000000000000000000000000000000000000000000000000000000
0.000000000000000000000000000000000000000000000000000000000000,-1.000000000000000000000000000000000000000000000000000000000000
0.000000000000000000000000000000000000000000000000000000000000,0.000000000000000000000000000000000000000000000000000000000000
0.000000000000000000000000000000000000000000000000000000000000,0.267949192431122706472553658494127633057194746189619371944193
0.000000000000000000000000000000000000000000000000000000000000,0.500000000000000000000000000000000000000000000000000000000000
0.000000000000000000000000000000000000000000000000000000000000,0.732050807568877293527446341505872366942805253810380628055807
0.000000000000000000000000000000000000000000000000000000000000,1.000000000000000000000000000000000000000000000000000000000000
0.000000000000000000000000000000000000000000000000000000000000,2.000000000000000000000000000000000000000000000000000000000000
0.000000000000000000000000000000000000000000000000000000000000,3.000000000000000000000000000000000000000000000000000000000000
0.000000000000000000000000000000000000000000000000000000000000,3.732050807568877293527446341505872366942805253810380628055807
0.000000000000000000000000000000000000000000000000000000000000,4.000000000000000000000000000000000000000000000000000000000000
0.000000000000000000000000000000000000000000000000000000000000,5.000000000000000000000000000000000000000000000000000000000000
0.107468361101817756642297208540224851422269947309679804241418,0.271286446121830945012449044315089223481644628501433969358344
0.107468361101817756642297208540224851422269947309679804241418,0.728713553878169054987550955684910776518355371498566030641656
0.133974596215561353236276829247063816528597373094809685972097,0.500000000000000000000000000000000000000000000000000000000000
0.366025403784438646763723170752936183471402626905190314027903,-0.366025403784438646763723170752936183471402626905190314027903
0.366025403784438646763723170752936183471402626905190314027903,1.366025403784438646763723170752936183471402626905190314027903
0.433012701892219323381861585376468091735701313452595157013952,-0.250000000000000000000000000000000000000000000000000000000000
0.433012701892219323381861585376468091735701313452595157013952,1.250000000000000000000000000000000000000000000000000000000000
0.500000000000000000000000000000000000000000000000000000000000,-1.866025403784438646763723170752936183471402626905190314027903
0.500000000000000000000000000000000000000000000000000000000000,-0.133974596215561353236276829247063816528597373094809685972097
0.500000000000000000000000000000000000000000000000000000000000,1.133974596215561353236276829247063816528597373094809685972097
0.500000000000000000000000000000000000000000000000000000000000,2.866025403784438646763723170752936183471402626905190314027903
0.535233134659634897912954764569131810972529112870302549632942,-1.927050983124842272306880251548457176580463769708644293203173
0.535233134659634897912954764569131810972529112870302549632942,2.927050983124842272306880251548457176580463769708644293203173
0.577350269189625764509148780501957455647601751270126876018602,-0.457427107756338109975101911369821553036710742997132061283313
0.577350269189625764509148780501957455647601751270126876018602,1.457427107756338109975101911369821553036710742997132061283313
0.633974596215561353236276829247063816528597373094809685972097,-0.366025403784438646763723170752936183471402626905190314027903
0.633974596215561353236276829247063816528597373094809685972097,1.366025403784438646763723170752936183471402626905190314027903
0.637600277910510322520180817719589168779539144587172925949772,0.104356076261039998352988201567997877753885855808007024348189
0.637600277910510322520180817719589168779539144587172925949772,0.895643923738960001647011798432002122246114144191992975651811
0.684818630291443521151445989042182307069871698579806680260020,-0.271286446121830945012449044315089223481644628501433969358344
0.684818630291443521151445989042182307069871698579806680260020,1.271286446121830945012449044315089223481644628501433969358344
0.836863293183469284292539943707740622922070124106821197158077,0.183503419072273967267571975098036202678017506447776623855769
0.836863293183469284292539943707740622922070124106821197158077,0.816496580927726032732428024901963797321982493552223376144231
0.866025403784438646763723170752936183471402626905190314027903,-2.500000000000000000000000000000000000000000000000000000000000
0.866025403784438646763723170752936183471402626905190314027903,-0.500000000000000000000000000000000000000000000000000000000000
0.866025403784438646763723170752936183471402626905190314027903,0.500000000000000000000000000000000000000000000000000000000000
0.866025403784438646763723170752936183471402626905190314027903,1.500000000000000000000000000000000000000000000000000000000000
0.866025403784438646763723170752936183471402626905190314027903,3.500000000000000000000000000000000000000000000000000000000000
0.968245836551854221294816349945599902708230426322897706646893,-0.750000000000000000000000000000000000000000000000000000000000
0.968245836551854221294816349945599902708230426322897706646893,0.250000000000000000000000000000000000000000000000000000000000
0.968245836551854221294816349945599902708230426322897706646893,0.750000000000000000000000000000000000000000000000000000000000
0.968245836551854221294816349945599902708230426322897706646893,1.750000000000000000000000000000000000000000000000000000000000
0.973493764886256403406020379293161034893672574214870118269321,-1.228713553878169054987550955684910776518355371498566030641656
0.973493764886256403406020379293161034893672574214870118269321,2.228713553878169054987550955684910776518355371498566030641656
0.986013297183269340427888048593602841402583538465723387146620,-0.833333333333333333333333333333333333333333333333333333333333
0.986013297183269340427888048593602841402583538465723387146620,1.833333333333333333333333333333333333333333333333333333333333
1.000000000000000000000000000000000000000000000000000000000000,-2.732050807568877293527446341505872366942805253810380628055807
1.000000000000000000000000000000000000000000000000000000000000,0.267949192431122706472553658494127633057194746189619371944193
1.000000000000000000000000000000000000000000000000000000000000,0.732050807568877293527446341505872366942805253810380628055807
1.000000000000000000000000000000000000000000000000000000000000,3.732050807568877293527446341505872366942805253810380628055807
1.105541596785133283038310912223562227975696181863117865686227,0.333333333333333333333333333333333333333333333333333333333333
1.105541596785133283038310912223562227975696181863117865686227,0.666666666666666666666666666666666666666666666666666666666667
1.128236797707380228079861694858480523532538681045318920099291,-0.651387818865997323279805316867623986562824143461311553177613
1.128236797707380228079861694858480523532538681045318920099291,0.348612181134002676720194683132376013437175856538688446822387
1.128236797707380228079861694858480523532538681045318920099291,0.651387818865997323279805316867623986562824143461311553177613
1.128236797707380228079861694858480523532538681045318920099291,1.651387818865997323279805316867623986562824143461311553177613
1.255294939775203926438809915561610934383105186160231795737116,-0.724744871391589049098642037352945695982973740328335064216346
1.255294939775203926438809915561610934383105186160231795737116,1.724744871391589049098642037352945695982973740328335064216346
1.322875655532295295250807876819630212855129591541225090184167,0.500000000000000000000000000000000000000000000000000000000000
1.366025403784438646763723170752936183471402626905190314027903,-0.366025403784438646763723170752936183471402626905190314027903
1.366025403784438646763723170752936183471402626905190314027903,1.366025403784438646763723170752936183471402626905190314027903
1.401258538444073544676677935322067994443931739775492863660845,-0.427050983124842272306880251548457176580463769708644293203173
1.401258538444073544676677935322067994443931739775492863660845,1.427050983124842272306880251548457176580463769708644293203173
1.500000000000000000000000000000000000000000000000000000000000,-3.598076211353315940291169512258808550414207880715570942083710
1.500000000000000000000000000000000000000000000000000000000000,-0.598076211353315940291169512258808550414207880715570942083710
1.500000000000000000000000000000000000000000000000000000000000,1.598076211353315940291169512258808550414207880715570942083710
1.500000000000000000000000000000000000000000000000000000000000,4.598076211353315940291169512258808550414207880715570942083710
1.550844034075882167915169159795118490541274325484996994287923,-0.228713553878169054987550955684910776518355371498566030641656
1.550844034075882167915169159795118490541274325484996994287923,1.228713553878169054987550955684910776518355371498566030641656
1.561249499599599551461723280234948615268239994497914077113243,-0.250000000000000000000000000000000000000000000000000000000000
1.561249499599599551461723280234948615268239994497914077113243,1.250000000000000000000000000000000000000000000000000000000000
1.658312395177699924557466368335343341963544272794676798529341,-0.500000000000000000000000000000000000000000000000000000000000
1.658312395177699924557466368335343341963544272794676798529341,1.500000000000000000000000000000000000000000000000000000000000
1.732050807568877293527446341505872366942805253810380628055807,-1.000000000000000000000000000000000000000000000000000000000000
1.732050807568877293527446341505872366942805253810380628055807,0.000000000000000000000000000000000000000000000000000000000000
1.732050807568877293527446341505872366942805253810380628055807,1.000000000000000000000000000000000000000000000000000000000000
1.732050807568877293527446341505872366942805253810380628055807,2.000000000000000000000000000000000000000000000000000000000000
1.866025403784438646763723170752936183471402626905190314027903,0.500000000000000000000000000000000000000000000000000000000000
1.885618083164126731735584965612930771426229167169264097568906,-0.333333333333333333333333333333333333333333333333333333333333
1.885618083164126731735584965612930771426229167169264097568906,1.333333333333333333333333333333333333333333333333333333333333
1.936491673103708442589632699891199805416460852645795413293787,-0.500000000000000000000000000000000000000000000000000000000000
1.936491673103708442589632699891199805416460852645795413293787,0.500000000000000000000000000000000000000000000000000000000000
1.936491673103708442589632699891199805416460852645795413293787,1.500000000000000000000000000000000000000000000000000000000000
1.960475933442805617770988694539219381634668736128398016133939,-1.395643923738960001647011798432002122246114144191992975651811
1.960475933442805617770988694539219381634668736128398016133939,2.395643923738960001647011798432002122246114144191992975651811
1.984313483298442942876211815229445319282694387311837635276251,-0.250000000000000000000000000000000000000000000000000000000000
1.984313483298442942876211815229445319282694387311837635276251,1.250000000000000000000000000000000000000000000000000000000000
1.991563831562720813310837504711655534217273626647074949195282,-0.816496580927726032732428024901963797321982493552223376144231
1.991563831562720813310837504711655534217273626647074949195282,1.816496580927726032732428024901963797321982493552223376144231
1.994262201491818874843584865611416707003941307950509234127195,-1.151387818865997323279805316867623986562824143461311553177613
1.994262201491818874843584865611416707003941307950509234127195,-0.151387818865997323279805316867623986562824143461311553177613
1.994262201491818874843584865611416707003941307950509234127195,1.151387818865997323279805316867623986562824143461311553177613
1.994262201491818874843584865611416707003941307950509234127195,2.151387818865997323279805316867623986562824143461311553177613
2.054455890874330563454337967126546921209615095739420040780060,-0.186140661634507164962652867054732329555066114495698091924969
2.054455890874330563454337967126546921209615095739420040780060,1.186140661634507164962652867054732329555066114495698091924969
2.366025403784438646763723170752936183471402626905190314027903,-0.366025403784438646763723170752936183471402626905190314027903
2.366025403784438646763723170752936183471402626905190314027903,1.366025403784438646763723170752936183471402626905190314027903
2.598076211353315940291169512258808550414207880715570942083710,-2.500000000000000000000000000000000000000000000000000000000000
2.598076211353315940291169512258808550414207880715570942083710,0.500000000000000000000000000000000000000000000000000000000000
2.598076211353315940291169512258808550414207880715570942083710,3.500000000000000000000000000000000000000000000000000000000000
2.920481294658769210218061137879483104681017722644610354807963,-1.686140661634507164962652867054732329555066114495698091924969
2.920481294658769210218061137879483104681017722644610354807963,2.686140661634507164962652867054732329555066114495698091924969
2.987345747344081219966256257067483301325910439970612423792923,-0.724744871391589049098642037352945695982973740328335064216346
2.987345747344081219966256257067483301325910439970612423792923,1.724744871391589049098642037352945695982973740328335064216346
