;{0, 0},{1, 0}, {0, 1}; i[1]=28
-1.000000000000000000000000000000000000000000000000000000000000,0.000000000000000000000000000000000000000000000000000000000000
-1.000000000000000000000000000000000000000000000000000000000000,2.000000000000000000000000000000000000000000000000000000000000
-0.866025403784438646763723170752936183471402626905190314027903,0.500000000000000000000000000000000000000000000000000000000000
-0.707106781186547524400844362104849039284835937688474036588340,1.707106781186547524400844362104849039284835937688474036588340
-0.414213562373095048801688724209698078569671875376948073176680,0.000000000000000000000000000000000000000000000000000000000000
-0.411437827766147647625403938409815106427564795770612545092084,0.088562172233852352374596061590184893572435204229387454907916
-0.366025403784438646763723170752936183471402626905190314027903,-0.366025403784438646763723170752936183471402626905190314027903
0.000000000000000000000000000000000000000000000000000000000000,-1.000000000000000000000000000000000000000000000000000000000000
0.000000000000000000000000000000000000000000000000000000000000,-0.414213562373095048801688724209698078569671875376948073176680
0.000000000000000000000000000000000000000000000000000000000000,0.000000000000000000000000000000000000000000000000000000000000
0.000000000000000000000000000000000000000000000000000000000000,1.000000000000000000000000000000000000000000000000000000000000
0.000000000000000000000000000000000000000000000000000000000000,2.000000000000000000000000000000000000000000000000000000000000
0.000000000000000000000000000000000000000000000000000000000000,2.414213562373095048801688724209698078569671875376948073176680
0.088562172233852352374596061590184893572435204229387454907916,-0.411437827766147647625403938409815106427564795770612545092084
0.292893218813452475599155637895150960715164062311525963411660,0.707106781186547524400844362104849039284835937688474036588340
0.500000000000000000000000000000000000000000000000000000000000,-0.866025403784438646763723170752936183471402626905190314027903
0.500000000000000000000000000000000000000000000000000000000000,0.866025403784438646763723170752936183471402626905190314027903
0.707106781186547524400844362104849039284835937688474036588340,0.292893218813452475599155637895150960715164062311525963411660
0.866025403784438646763723170752936183471402626905190314027903,0.500000000000000000000000000000000000000000000000000000000000
0.911437827766147647625403938409815106427564795770612545092084,1.411437827766147647625403938409815106427564795770612545092084
1.000000000000000000000000000000000000000000000000000000000000,0.000000000000000000000000000000000000000000000000000000000000
1.000000000000000000000000000000000000000000000000000000000000,1.000000000000000000000000000000000000000000000000000000000000
1.366025403784438646763723170752936183471402626905190314027903,1.366025403784438646763723170752936183471402626905190314027903
1.411437827766147647625403938409815106427564795770612545092084,0.911437827766147647625403938409815106427564795770612545092084
1.707106781186547524400844362104849039284835937688474036588340,-0.707106781186547524400844362104849039284835937688474036588340
2.000000000000000000000000000000000000000000000000000000000000,-1.000000000000000000000000000000000000000000000000000000000000
2.000000000000000000000000000000000000000000000000000000000000,0.000000000000000000000000000000000000000000000000000000000000
2.414213562373095048801688724209698078569671875376948073176680,0.000000000000000000000000000000000000000000000000000000000000
