-1.414213562373095048801688724209698078569671875376948073176680,0.000000000000000000000000000000000000000000000000000000000000
-1.414213562373095048801688724209698078569671875376948073176680,1.000000000000000000000000000000000000000000000000000000000000
-1.322875655532295295250807876819630212855129591541225090184167,0.500000000000000000000000000000000000000000000000000000000000
-1.000000000000000000000000000000000000000000000000000000000000,-1.000000000000000000000000000000000000000000000000000000000000
-1.000000000000000000000000000000000000000000000000000000000000,0.000000000000000000000000000000000000000000000000000000000000
-1.000000000000000000000000000000000000000000000000000000000000,1.000000000000000000000000000000000000000000000000000000000000
-1.000000000000000000000000000000000000000000000000000000000000,2.000000000000000000000000000000000000000000000000000000000000
-0.866025403784438646763723170752936183471402626905190314027903,0.500000000000000000000000000000000000000000000000000000000000
-0.707106781186547524400844362104849039284835937688474036588340,-0.707106781186547524400844362104849039284835937688474036588340
-0.707106781186547524400844362104849039284835937688474036588340,1.707106781186547524400844362104849039284835937688474036588340
-0.414213562373095048801688724209698078569671875376948073176680,0.000000000000000000000000000000000000000000000000000000000000
-0.414213562373095048801688724209698078569671875376948073176680,1.000000000000000000000000000000000000000000000000000000000000
-0.411437827766147647625403938409815106427564795770612545092084,0.088562172233852352374596061590184893572435204229387454907916
-0.411437827766147647625403938409815106427564795770612545092084,0.911437827766147647625403938409815106427564795770612545092084
-0.366025403784438646763723170752936183471402626905190314027903,-0.366025403784438646763723170752936183471402626905190314027903
-0.366025403784438646763723170752936183471402626905190314027903,1.366025403784438646763723170752936183471402626905190314027903
-0.322875655532295295250807876819630212855129591541225090184167,0.500000000000000000000000000000000000000000000000000000000000
0.000000000000000000000000000000000000000000000000000000000000,-1.414213562373095048801688724209698078569671875376948073176680
0.000000000000000000000000000000000000000000000000000000000000,-1.000000000000000000000000000000000000000000000000000000000000
0.000000000000000000000000000000000000000000000000000000000000,-0.414213562373095048801688724209698078569671875376948073176680
0.000000000000000000000000000000000000000000000000000000000000,0.000000000000000000000000000000000000000000000000000000000000
0.000000000000000000000000000000000000000000000000000000000000,1.000000000000000000000000000000000000000000000000000000000000
0.000000000000000000000000000000000000000000000000000000000000,1.414213562373095048801688724209698078569671875376948073176680
0.000000000000000000000000000000000000000000000000000000000000,2.000000000000000000000000000000000000000000000000000000000000
0.000000000000000000000000000000000000000000000000000000000000,2.414213562373095048801688724209698078569671875376948073176680
0.088562172233852352374596061590184893572435204229387454907916,-0.411437827766147647625403938409815106427564795770612545092084
0.088562172233852352374596061590184893572435204229387454907916,1.411437827766147647625403938409815106427564795770612545092084
0.133974596215561353236276829247063816528597373094809685972097,0.500000000000000000000000000000000000000000000000000000000000
0.292893218813452475599155637895150960715164062311525963411660,0.292893218813452475599155637895150960715164062311525963411660
0.292893218813452475599155637895150960715164062311525963411660,0.707106781186547524400844362104849039284835937688474036588340
0.500000000000000000000000000000000000000000000000000000000000,-1.322875655532295295250807876819630212855129591541225090184167
0.500000000000000000000000000000000000000000000000000000000000,-0.866025403784438646763723170752936183471402626905190314027903
0.500000000000000000000000000000000000000000000000000000000000,-0.322875655532295295250807876819630212855129591541225090184167
0.500000000000000000000000000000000000000000000000000000000000,0.133974596215561353236276829247063816528597373094809685972097
0.500000000000000000000000000000000000000000000000000000000000,0.500000000000000000000000000000000000000000000000000000000000
0.500000000000000000000000000000000000000000000000000000000000,0.866025403784438646763723170752936183471402626905190314027903
0.500000000000000000000000000000000000000000000000000000000000,1.322875655532295295250807876819630212855129591541225090184167
0.500000000000000000000000000000000000000000000000000000000000,1.866025403784438646763723170752936183471402626905190314027903
0.500000000000000000000000000000000000000000000000000000000000,2.322875655532295295250807876819630212855129591541225090184167
0.707106781186547524400844362104849039284835937688474036588340,0.292893218813452475599155637895150960715164062311525963411660
0.707106781186547524400844362104849039284835937688474036588340,0.707106781186547524400844362104849039284835937688474036588340
0.866025403784438646763723170752936183471402626905190314027903,0.500000000000000000000000000000000000000000000000000000000000
0.911437827766147647625403938409815106427564795770612545092084,-0.411437827766147647625403938409815106427564795770612545092084
0.911437827766147647625403938409815106427564795770612545092084,1.411437827766147647625403938409815106427564795770612545092084
1.000000000000000000000000000000000000000000000000000000000000,-1.414213562373095048801688724209698078569671875376948073176680
1.000000000000000000000000000000000000000000000000000000000000,-1.000000000000000000000000000000000000000000000000000000000000
1.000000000000000000000000000000000000000000000000000000000000,-0.414213562373095048801688724209698078569671875376948073176680
1.000000000000000000000000000000000000000000000000000000000000,0.000000000000000000000000000000000000000000000000000000000000
1.000000000000000000000000000000000000000000000000000000000000,1.000000000000000000000000000000000000000000000000000000000000
1.000000000000000000000000000000000000000000000000000000000000,1.414213562373095048801688724209698078569671875376948073176680
1.000000000000000000000000000000000000000000000000000000000000,2.000000000000000000000000000000000000000000000000000000000000
1.000000000000000000000000000000000000000000000000000000000000,2.414213562373095048801688724209698078569671875376948073176680
1.322875655532295295250807876819630212855129591541225090184167,0.500000000000000000000000000000000000000000000000000000000000
1.366025403784438646763723170752936183471402626905190314027903,-0.366025403784438646763723170752936183471402626905190314027903
1.366025403784438646763723170752936183471402626905190314027903,1.366025403784438646763723170752936183471402626905190314027903
1.411437827766147647625403938409815106427564795770612545092084,0.088562172233852352374596061590184893572435204229387454907916
1.411437827766147647625403938409815106427564795770612545092084,0.911437827766147647625403938409815106427564795770612545092084
1.414213562373095048801688724209698078569671875376948073176680,0.000000000000000000000000000000000000000000000000000000000000
1.414213562373095048801688724209698078569671875376948073176680,1.000000000000000000000000000000000000000000000000000000000000
1.707106781186547524400844362104849039284835937688474036588340,-0.707106781186547524400844362104849039284835937688474036588340
1.707106781186547524400844362104849039284835937688474036588340,1.707106781186547524400844362104849039284835937688474036588340
1.866025403784438646763723170752936183471402626905190314027903,0.500000000000000000000000000000000000000000000000000000000000
2.000000000000000000000000000000000000000000000000000000000000,-1.000000000000000000000000000000000000000000000000000000000000
2.000000000000000000000000000000000000000000000000000000000000,0.000000000000000000000000000000000000000000000000000000000000
2.000000000000000000000000000000000000000000000000000000000000,1.000000000000000000000000000000000000000000000000000000000000
2.000000000000000000000000000000000000000000000000000000000000,2.000000000000000000000000000000000000000000000000000000000000
2.322875655532295295250807876819630212855129591541225090184167,0.500000000000000000000000000000000000000000000000000000000000
2.414213562373095048801688724209698078569671875376948073176680,0.000000000000000000000000000000000000000000000000000000000000
2.414213562373095048801688724209698078569671875376948073176680,1.000000000000000000000000000000000000000000000000000000000000
